[debug] [2025-01-23T03:01:05.190Z] ----------------------------------------------------------------------
[debug] [2025-01-23T03:01:05.193Z] Command:       C:\nvm4w\nodejs\node.exe C:\nvm4w\nodejs\node_modules\firebase-tools\lib\bin\firebase.js init
[debug] [2025-01-23T03:01:05.193Z] CLI Version:   13.29.2
[debug] [2025-01-23T03:01:05.195Z] Platform:      win32
[debug] [2025-01-23T03:01:05.195Z] Node Version:  v18.20.5
[debug] [2025-01-23T03:01:05.196Z] Time:          Thu Jan 23 2025 08:01:05 GMT+0500 (Pakistan Standard Time)
[debug] [2025-01-23T03:01:05.197Z] ----------------------------------------------------------------------
[debug] 
[debug] [2025-01-23T03:01:05.617Z] > command requires scopes: ["email","openid","https://www.googleapis.com/auth/cloudplatformprojects.readonly","https://www.googleapis.com/auth/firebase","https://www.googleapis.com/auth/cloud-platform"]
[debug] [2025-01-23T03:01:05.618Z] > authorizing via signed-in user (f22bdocs1e02011@iub.edu.pk)
[info] 
     ######## #### ########  ######## ########     ###     ######  ########
     ##        ##  ##     ## ##       ##     ##  ##   ##  ##       ##
     ######    ##  ########  ######   ########  #########  ######  ######
     ##        ##  ##    ##  ##       ##     ## ##     ##       ## ##
     ##       #### ##     ## ######## ########  ##     ##  ######  ########

You're about to initialize a Firebase project in this directory:

  D:\nextjob

Before we get started, keep in mind:

  * You are initializing within an existing Firebase project directory

